-------------------------------------------------------------------------------
Test set: com.retailApp.PaymentService.Services.PaymentServiceImplTest
-------------------------------------------------------------------------------
Tests run: 1, Failures: 1, Errors: 0, Skipped: 0, Time elapsed: 0.243 s <<< FAILURE! - in com.retailApp.PaymentService.Services.PaymentServiceImplTest
addPaymentTest  Time elapsed: 0.039 s  <<< FAILURE!
org.opentest4j.AssertionFailedError: expected: <500 INTERNAL_SERVER_ERROR> but was: <200 OK>
	at com.retailApp.PaymentService.Services.PaymentServiceImplTest.addPaymentTest(PaymentServiceImplTest.java:153)

